This is pdfTeX, Version 3.14159265-2.6-1.40.21 (TeX Live 2020) (preloaded format=pdflatex 2020.8.15)  22 AUG 2020 03:22
entering extended mode
 \write18 enabled.
 %&-line parsing enabled.
**clip.tex
(./clip.tex
LaTeX2e <2020-02-02> patch level 5
L3 programming layer <2020-08-07>
(/mnt/D0A0DC0EA0DBF944/Common_data/texlive/2020/texmf-dist/tex/latex/standalone
/standalone.cls
Document Class: standalone 2018/03/26 v1.3a Class to compile TeX sub-files stan
dalone

(/mnt/D0A0DC0EA0DBF944/Common_data/texlive/2020/texmf-dist/tex/latex/tools/shel
lesc.sty
Package: shellesc 2019/11/08 v1.0c unified shell escape interface for LaTeX
Package shellesc Info: Unrestricted shell escape enabled on input line 75.
)
(/mnt/D0A0DC0EA0DBF944/Common_data/texlive/2020/texmf-dist/tex/generic/iftex/if
luatex.sty
Package: ifluatex 2019/10/25 v1.5 ifluatex legacy package. Use iftex instead.

(/mnt/D0A0DC0EA0DBF944/Common_data/texlive/2020/texmf-dist/tex/generic/iftex/if
tex.sty
Package: iftex 2020/03/06 v1.0d TeX engine tests
))
(/mnt/D0A0DC0EA0DBF944/Common_data/texlive/2020/texmf-dist/tex/latex/xkeyval/xk
eyval.sty
Package: xkeyval 2014/12/03 v2.7a package option processing (HA)

(/mnt/D0A0DC0EA0DBF944/Common_data/texlive/2020/texmf-dist/tex/generic/xkeyval/
xkeyval.tex
(/mnt/D0A0DC0EA0DBF944/Common_data/texlive/2020/texmf-dist/tex/generic/xkeyval/
xkvutils.tex
\XKV@toks=\toks15
\XKV@tempa@toks=\toks16

(/mnt/D0A0DC0EA0DBF944/Common_data/texlive/2020/texmf-dist/tex/generic/xkeyval/
keyval.tex))
\XKV@depth=\count168
File: xkeyval.tex 2014/12/03 v2.7a key=value parser (HA)
))
\sa@internal=\count169
\c@sapage=\count170

(/mnt/D0A0DC0EA0DBF944/Common_data/texlive/2020/texmf-dist/tex/latex/standalone
/standalone.cfg
File: standalone.cfg 2018/03/26 v1.3a Default configuration file for 'standalon
e' class
)
(/mnt/D0A0DC0EA0DBF944/Common_data/texlive/2020/texmf-dist/tex/latex/base/artic
le.cls
Document Class: article 2019/12/20 v1.4l Standard LaTeX document class

(/mnt/D0A0DC0EA0DBF944/Common_data/texlive/2020/texmf-dist/tex/latex/base/size1
0.clo
File: size10.clo 2019/12/20 v1.4l Standard LaTeX file (size option)
)
\c@part=\count171
\c@section=\count172
\c@subsection=\count173
\c@subsubsection=\count174
\c@paragraph=\count175
\c@subparagraph=\count176
\c@figure=\count177
\c@table=\count178
\abovecaptionskip=\skip47
\belowcaptionskip=\skip48
\bibindent=\dimen134
)
\sa@box=\box45
)
(/mnt/D0A0DC0EA0DBF944/Common_data/texlive/2020/texmf-dist/tex/latex/tkz-euclid
e/tkz-euclide.sty
2020/03/18 3.06c tkz-euclide.sty
Package: tkz-euclide 2020/03/18 3.06c for euclidan geometry 

(/mnt/D0A0DC0EA0DBF944/Common_data/texlive/2020/texmf-dist/tex/latex/tkz-base/t
kz-base.sty
2020/03/18 3.06c tkz-base.sty
Package: tkz-base 2020/03/18 3.06c tkz-base

(/mnt/D0A0DC0EA0DBF944/Common_data/texlive/2020/texmf-dist/tex/latex/pgf/fronte
ndlayer/tikz.sty
(/mnt/D0A0DC0EA0DBF944/Common_data/texlive/2020/texmf-dist/tex/latex/pgf/basicl
ayer/pgf.sty
(/mnt/D0A0DC0EA0DBF944/Common_data/texlive/2020/texmf-dist/tex/latex/pgf/utilit
ies/pgfrcs.sty
(/mnt/D0A0DC0EA0DBF944/Common_data/texlive/2020/texmf-dist/tex/generic/pgf/util
ities/pgfutil-common.tex
\pgfutil@everybye=\toks17
\pgfutil@tempdima=\dimen135
\pgfutil@tempdimb=\dimen136

(/mnt/D0A0DC0EA0DBF944/Common_data/texlive/2020/texmf-dist/tex/generic/pgf/util
ities/pgfutil-common-lists.tex))
(/mnt/D0A0DC0EA0DBF944/Common_data/texlive/2020/texmf-dist/tex/generic/pgf/util
ities/pgfutil-latex.def
\pgfutil@abb=\box46

(/mnt/D0A0DC0EA0DBF944/Common_data/texlive/2020/texmf-dist/tex/latex/ms/everysh
i.sty
Package: everyshi 2001/05/15 v3.00 EveryShipout Package (MS)
))
(/mnt/D0A0DC0EA0DBF944/Common_data/texlive/2020/texmf-dist/tex/generic/pgf/util
ities/pgfrcs.code.tex
(/mnt/D0A0DC0EA0DBF944/Common_data/texlive/2020/texmf-dist/tex/generic/pgf/pgf.
revision.tex)
Package: pgfrcs 2020/01/08 v3.1.5b (3.1.5b)
))
Package: pgf 2020/01/08 v3.1.5b (3.1.5b)

(/mnt/D0A0DC0EA0DBF944/Common_data/texlive/2020/texmf-dist/tex/latex/pgf/basicl
ayer/pgfcore.sty
(/mnt/D0A0DC0EA0DBF944/Common_data/texlive/2020/texmf-dist/tex/latex/graphics/g
raphicx.sty
Package: graphicx 2019/11/30 v1.2a Enhanced LaTeX Graphics (DPC,SPQR)

(/mnt/D0A0DC0EA0DBF944/Common_data/texlive/2020/texmf-dist/tex/latex/graphics/g
raphics.sty
Package: graphics 2019/11/30 v1.4a Standard LaTeX Graphics (DPC,SPQR)

(/mnt/D0A0DC0EA0DBF944/Common_data/texlive/2020/texmf-dist/tex/latex/graphics/t
rig.sty
Package: trig 2016/01/03 v1.10 sin cos tan (DPC)
)
(/mnt/D0A0DC0EA0DBF944/Common_data/texlive/2020/texmf-dist/tex/latex/graphics-c
fg/graphics.cfg
File: graphics.cfg 2016/06/04 v1.11 sample graphics configuration
)
Package graphics Info: Driver file: pdftex.def on input line 105.

(/mnt/D0A0DC0EA0DBF944/Common_data/texlive/2020/texmf-dist/tex/latex/graphics-d
ef/pdftex.def
File: pdftex.def 2018/01/08 v1.0l Graphics/color driver for pdftex
))
\Gin@req@height=\dimen137
\Gin@req@width=\dimen138
)
(/mnt/D0A0DC0EA0DBF944/Common_data/texlive/2020/texmf-dist/tex/latex/pgf/system
layer/pgfsys.sty
(/mnt/D0A0DC0EA0DBF944/Common_data/texlive/2020/texmf-dist/tex/generic/pgf/syst
emlayer/pgfsys.code.tex
Package: pgfsys 2020/01/08 v3.1.5b (3.1.5b)

(/mnt/D0A0DC0EA0DBF944/Common_data/texlive/2020/texmf-dist/tex/generic/pgf/util
ities/pgfkeys.code.tex
\pgfkeys@pathtoks=\toks18
\pgfkeys@temptoks=\toks19

(/mnt/D0A0DC0EA0DBF944/Common_data/texlive/2020/texmf-dist/tex/generic/pgf/util
ities/pgfkeysfiltered.code.tex
\pgfkeys@tmptoks=\toks20
))
\pgf@x=\dimen139
\pgf@y=\dimen140
\pgf@xa=\dimen141
\pgf@ya=\dimen142
\pgf@xb=\dimen143
\pgf@yb=\dimen144
\pgf@xc=\dimen145
\pgf@yc=\dimen146
\pgf@xd=\dimen147
\pgf@yd=\dimen148
\w@pgf@writea=\write3
\r@pgf@reada=\read2
\c@pgf@counta=\count179
\c@pgf@countb=\count180
\c@pgf@countc=\count181
\c@pgf@countd=\count182
\t@pgf@toka=\toks21
\t@pgf@tokb=\toks22
\t@pgf@tokc=\toks23
\pgf@sys@id@count=\count183

(/mnt/D0A0DC0EA0DBF944/Common_data/texlive/2020/texmf-dist/tex/generic/pgf/syst
emlayer/pgf.cfg
File: pgf.cfg 2020/01/08 v3.1.5b (3.1.5b)
)
Driver file for pgf: pgfsys-pdftex.def

(/mnt/D0A0DC0EA0DBF944/Common_data/texlive/2020/texmf-dist/tex/generic/pgf/syst
emlayer/pgfsys-pdftex.def
File: pgfsys-pdftex.def 2020/01/08 v3.1.5b (3.1.5b)

(/mnt/D0A0DC0EA0DBF944/Common_data/texlive/2020/texmf-dist/tex/generic/pgf/syst
emlayer/pgfsys-common-pdf.def
File: pgfsys-common-pdf.def 2020/01/08 v3.1.5b (3.1.5b)
)))
(/mnt/D0A0DC0EA0DBF944/Common_data/texlive/2020/texmf-dist/tex/generic/pgf/syst
emlayer/pgfsyssoftpath.code.tex
File: pgfsyssoftpath.code.tex 2020/01/08 v3.1.5b (3.1.5b)
\pgfsyssoftpath@smallbuffer@items=\count184
\pgfsyssoftpath@bigbuffer@items=\count185
)
(/mnt/D0A0DC0EA0DBF944/Common_data/texlive/2020/texmf-dist/tex/generic/pgf/syst
emlayer/pgfsysprotocol.code.tex
File: pgfsysprotocol.code.tex 2020/01/08 v3.1.5b (3.1.5b)
))
(/mnt/D0A0DC0EA0DBF944/Common_data/texlive/2020/texmf-dist/tex/latex/xcolor/xco
lor.sty
Package: xcolor 2016/05/11 v2.12 LaTeX color extensions (UK)

(/mnt/D0A0DC0EA0DBF944/Common_data/texlive/2020/texmf-dist/tex/latex/graphics-c
fg/color.cfg
File: color.cfg 2016/01/02 v1.6 sample color configuration
)
Package xcolor Info: Driver file: pdftex.def on input line 225.
Package xcolor Info: Model `cmy' substituted by `cmy0' on input line 1348.
Package xcolor Info: Model `hsb' substituted by `rgb' on input line 1352.
Package xcolor Info: Model `RGB' extended on input line 1364.
Package xcolor Info: Model `HTML' substituted by `rgb' on input line 1366.
Package xcolor Info: Model `Hsb' substituted by `hsb' on input line 1367.
Package xcolor Info: Model `tHsb' substituted by `hsb' on input line 1368.
Package xcolor Info: Model `HSB' substituted by `hsb' on input line 1369.
Package xcolor Info: Model `Gray' substituted by `gray' on input line 1370.
Package xcolor Info: Model `wave' substituted by `hsb' on input line 1371.
)
(/mnt/D0A0DC0EA0DBF944/Common_data/texlive/2020/texmf-dist/tex/generic/pgf/basi
clayer/pgfcore.code.tex
Package: pgfcore 2020/01/08 v3.1.5b (3.1.5b)

(/mnt/D0A0DC0EA0DBF944/Common_data/texlive/2020/texmf-dist/tex/generic/pgf/math
/pgfmath.code.tex
(/mnt/D0A0DC0EA0DBF944/Common_data/texlive/2020/texmf-dist/tex/generic/pgf/math
/pgfmathcalc.code.tex
(/mnt/D0A0DC0EA0DBF944/Common_data/texlive/2020/texmf-dist/tex/generic/pgf/math
/pgfmathutil.code.tex)
(/mnt/D0A0DC0EA0DBF944/Common_data/texlive/2020/texmf-dist/tex/generic/pgf/math
/pgfmathparser.code.tex
\pgfmath@dimen=\dimen149
\pgfmath@count=\count186
\pgfmath@box=\box47
\pgfmath@toks=\toks24
\pgfmath@stack@operand=\toks25
\pgfmath@stack@operation=\toks26
)
(/mnt/D0A0DC0EA0DBF944/Common_data/texlive/2020/texmf-dist/tex/generic/pgf/math
/pgfmathfunctions.code.tex
(/mnt/D0A0DC0EA0DBF944/Common_data/texlive/2020/texmf-dist/tex/generic/pgf/math
/pgfmathfunctions.basic.code.tex)
(/mnt/D0A0DC0EA0DBF944/Common_data/texlive/2020/texmf-dist/tex/generic/pgf/math
/pgfmathfunctions.trigonometric.code.tex)
(/mnt/D0A0DC0EA0DBF944/Common_data/texlive/2020/texmf-dist/tex/generic/pgf/math
/pgfmathfunctions.random.code.tex)
(/mnt/D0A0DC0EA0DBF944/Common_data/texlive/2020/texmf-dist/tex/generic/pgf/math
/pgfmathfunctions.comparison.code.tex)
(/mnt/D0A0DC0EA0DBF944/Common_data/texlive/2020/texmf-dist/tex/generic/pgf/math
/pgfmathfunctions.base.code.tex)
(/mnt/D0A0DC0EA0DBF944/Common_data/texlive/2020/texmf-dist/tex/generic/pgf/math
/pgfmathfunctions.round.code.tex)
(/mnt/D0A0DC0EA0DBF944/Common_data/texlive/2020/texmf-dist/tex/generic/pgf/math
/pgfmathfunctions.misc.code.tex)
(/mnt/D0A0DC0EA0DBF944/Common_data/texlive/2020/texmf-dist/tex/generic/pgf/math
/pgfmathfunctions.integerarithmetics.code.tex)))
(/mnt/D0A0DC0EA0DBF944/Common_data/texlive/2020/texmf-dist/tex/generic/pgf/math
/pgfmathfloat.code.tex
\c@pgfmathroundto@lastzeros=\count187
))
(/mnt/D0A0DC0EA0DBF944/Common_data/texlive/2020/texmf-dist/tex/generic/pgf/math
/pgfint.code.tex)
(/mnt/D0A0DC0EA0DBF944/Common_data/texlive/2020/texmf-dist/tex/generic/pgf/basi
clayer/pgfcorepoints.code.tex
File: pgfcorepoints.code.tex 2020/01/08 v3.1.5b (3.1.5b)
\pgf@picminx=\dimen150
\pgf@picmaxx=\dimen151
\pgf@picminy=\dimen152
\pgf@picmaxy=\dimen153
\pgf@pathminx=\dimen154
\pgf@pathmaxx=\dimen155
\pgf@pathminy=\dimen156
\pgf@pathmaxy=\dimen157
\pgf@xx=\dimen158
\pgf@xy=\dimen159
\pgf@yx=\dimen160
\pgf@yy=\dimen161
\pgf@zx=\dimen162
\pgf@zy=\dimen163
)
(/mnt/D0A0DC0EA0DBF944/Common_data/texlive/2020/texmf-dist/tex/generic/pgf/basi
clayer/pgfcorepathconstruct.code.tex
File: pgfcorepathconstruct.code.tex 2020/01/08 v3.1.5b (3.1.5b)
\pgf@path@lastx=\dimen164
\pgf@path@lasty=\dimen165
)
(/mnt/D0A0DC0EA0DBF944/Common_data/texlive/2020/texmf-dist/tex/generic/pgf/basi
clayer/pgfcorepathusage.code.tex
File: pgfcorepathusage.code.tex 2020/01/08 v3.1.5b (3.1.5b)
\pgf@shorten@end@additional=\dimen166
\pgf@shorten@start@additional=\dimen167
)
(/mnt/D0A0DC0EA0DBF944/Common_data/texlive/2020/texmf-dist/tex/generic/pgf/basi
clayer/pgfcorescopes.code.tex
File: pgfcorescopes.code.tex 2020/01/08 v3.1.5b (3.1.5b)
\pgfpic=\box48
\pgf@hbox=\box49
\pgf@layerbox@main=\box50
\pgf@picture@serial@count=\count188
)
(/mnt/D0A0DC0EA0DBF944/Common_data/texlive/2020/texmf-dist/tex/generic/pgf/basi
clayer/pgfcoregraphicstate.code.tex
File: pgfcoregraphicstate.code.tex 2020/01/08 v3.1.5b (3.1.5b)
\pgflinewidth=\dimen168
)
(/mnt/D0A0DC0EA0DBF944/Common_data/texlive/2020/texmf-dist/tex/generic/pgf/basi
clayer/pgfcoretransformations.code.tex
File: pgfcoretransformations.code.tex 2020/01/08 v3.1.5b (3.1.5b)
\pgf@pt@x=\dimen169
\pgf@pt@y=\dimen170
\pgf@pt@temp=\dimen171
)
(/mnt/D0A0DC0EA0DBF944/Common_data/texlive/2020/texmf-dist/tex/generic/pgf/basi
clayer/pgfcorequick.code.tex
File: pgfcorequick.code.tex 2020/01/08 v3.1.5b (3.1.5b)
)
(/mnt/D0A0DC0EA0DBF944/Common_data/texlive/2020/texmf-dist/tex/generic/pgf/basi
clayer/pgfcoreobjects.code.tex
File: pgfcoreobjects.code.tex 2020/01/08 v3.1.5b (3.1.5b)
)
(/mnt/D0A0DC0EA0DBF944/Common_data/texlive/2020/texmf-dist/tex/generic/pgf/basi
clayer/pgfcorepathprocessing.code.tex
File: pgfcorepathprocessing.code.tex 2020/01/08 v3.1.5b (3.1.5b)
)
(/mnt/D0A0DC0EA0DBF944/Common_data/texlive/2020/texmf-dist/tex/generic/pgf/basi
clayer/pgfcorearrows.code.tex
File: pgfcorearrows.code.tex 2020/01/08 v3.1.5b (3.1.5b)
\pgfarrowsep=\dimen172
)
(/mnt/D0A0DC0EA0DBF944/Common_data/texlive/2020/texmf-dist/tex/generic/pgf/basi
clayer/pgfcoreshade.code.tex
File: pgfcoreshade.code.tex 2020/01/08 v3.1.5b (3.1.5b)
\pgf@max=\dimen173
\pgf@sys@shading@range@num=\count189
\pgf@shadingcount=\count190
)
(/mnt/D0A0DC0EA0DBF944/Common_data/texlive/2020/texmf-dist/tex/generic/pgf/basi
clayer/pgfcoreimage.code.tex
File: pgfcoreimage.code.tex 2020/01/08 v3.1.5b (3.1.5b)

(/mnt/D0A0DC0EA0DBF944/Common_data/texlive/2020/texmf-dist/tex/generic/pgf/basi
clayer/pgfcoreexternal.code.tex
File: pgfcoreexternal.code.tex 2020/01/08 v3.1.5b (3.1.5b)
\pgfexternal@startupbox=\box51
))
(/mnt/D0A0DC0EA0DBF944/Common_data/texlive/2020/texmf-dist/tex/generic/pgf/basi
clayer/pgfcorelayers.code.tex
File: pgfcorelayers.code.tex 2020/01/08 v3.1.5b (3.1.5b)
)
(/mnt/D0A0DC0EA0DBF944/Common_data/texlive/2020/texmf-dist/tex/generic/pgf/basi
clayer/pgfcoretransparency.code.tex
File: pgfcoretransparency.code.tex 2020/01/08 v3.1.5b (3.1.5b)
)
(/mnt/D0A0DC0EA0DBF944/Common_data/texlive/2020/texmf-dist/tex/generic/pgf/basi
clayer/pgfcorepatterns.code.tex
File: pgfcorepatterns.code.tex 2020/01/08 v3.1.5b (3.1.5b)
)
(/mnt/D0A0DC0EA0DBF944/Common_data/texlive/2020/texmf-dist/tex/generic/pgf/basi
clayer/pgfcorerdf.code.tex
File: pgfcorerdf.code.tex 2020/01/08 v3.1.5b (3.1.5b)
)))
(/mnt/D0A0DC0EA0DBF944/Common_data/texlive/2020/texmf-dist/tex/generic/pgf/modu
les/pgfmoduleshapes.code.tex
File: pgfmoduleshapes.code.tex 2020/01/08 v3.1.5b (3.1.5b)
\pgfnodeparttextbox=\box52
)
(/mnt/D0A0DC0EA0DBF944/Common_data/texlive/2020/texmf-dist/tex/generic/pgf/modu
les/pgfmoduleplot.code.tex
File: pgfmoduleplot.code.tex 2020/01/08 v3.1.5b (3.1.5b)
)
(/mnt/D0A0DC0EA0DBF944/Common_data/texlive/2020/texmf-dist/tex/latex/pgf/compat
ibility/pgfcomp-version-0-65.sty
Package: pgfcomp-version-0-65 2020/01/08 v3.1.5b (3.1.5b)
\pgf@nodesepstart=\dimen174
\pgf@nodesepend=\dimen175
)
(/mnt/D0A0DC0EA0DBF944/Common_data/texlive/2020/texmf-dist/tex/latex/pgf/compat
ibility/pgfcomp-version-1-18.sty
Package: pgfcomp-version-1-18 2020/01/08 v3.1.5b (3.1.5b)
))
(/mnt/D0A0DC0EA0DBF944/Common_data/texlive/2020/texmf-dist/tex/latex/pgf/utilit
ies/pgffor.sty
(/mnt/D0A0DC0EA0DBF944/Common_data/texlive/2020/texmf-dist/tex/latex/pgf/utilit
ies/pgfkeys.sty
(/mnt/D0A0DC0EA0DBF944/Common_data/texlive/2020/texmf-dist/tex/generic/pgf/util
ities/pgfkeys.code.tex))
(/mnt/D0A0DC0EA0DBF944/Common_data/texlive/2020/texmf-dist/tex/latex/pgf/math/p
gfmath.sty
(/mnt/D0A0DC0EA0DBF944/Common_data/texlive/2020/texmf-dist/tex/generic/pgf/math
/pgfmath.code.tex))
(/mnt/D0A0DC0EA0DBF944/Common_data/texlive/2020/texmf-dist/tex/generic/pgf/util
ities/pgffor.code.tex
Package: pgffor 2020/01/08 v3.1.5b (3.1.5b)

(/mnt/D0A0DC0EA0DBF944/Common_data/texlive/2020/texmf-dist/tex/generic/pgf/math
/pgfmath.code.tex)
\pgffor@iter=\dimen176
\pgffor@skip=\dimen177
\pgffor@stack=\toks27
\pgffor@toks=\toks28
))
(/mnt/D0A0DC0EA0DBF944/Common_data/texlive/2020/texmf-dist/tex/generic/pgf/fron
tendlayer/tikz/tikz.code.tex
Package: tikz 2020/01/08 v3.1.5b (3.1.5b)

(/mnt/D0A0DC0EA0DBF944/Common_data/texlive/2020/texmf-dist/tex/generic/pgf/libr
aries/pgflibraryplothandlers.code.tex
File: pgflibraryplothandlers.code.tex 2020/01/08 v3.1.5b (3.1.5b)
\pgf@plot@mark@count=\count191
\pgfplotmarksize=\dimen178
)
\tikz@lastx=\dimen179
\tikz@lasty=\dimen180
\tikz@lastxsaved=\dimen181
\tikz@lastysaved=\dimen182
\tikz@lastmovetox=\dimen183
\tikz@lastmovetoy=\dimen184
\tikzleveldistance=\dimen185
\tikzsiblingdistance=\dimen186
\tikz@figbox=\box53
\tikz@figbox@bg=\box54
\tikz@tempbox=\box55
\tikz@tempbox@bg=\box56
\tikztreelevel=\count192
\tikznumberofchildren=\count193
\tikznumberofcurrentchild=\count194
\tikz@fig@count=\count195

(/mnt/D0A0DC0EA0DBF944/Common_data/texlive/2020/texmf-dist/tex/generic/pgf/modu
les/pgfmodulematrix.code.tex
File: pgfmodulematrix.code.tex 2020/01/08 v3.1.5b (3.1.5b)
\pgfmatrixcurrentrow=\count196
\pgfmatrixcurrentcolumn=\count197
\pgf@matrix@numberofcolumns=\count198
)
\tikz@expandcount=\count199

(/mnt/D0A0DC0EA0DBF944/Common_data/texlive/2020/texmf-dist/tex/generic/pgf/fron
tendlayer/tikz/libraries/tikzlibrarytopaths.code.tex
File: tikzlibrarytopaths.code.tex 2020/01/08 v3.1.5b (3.1.5b)
)))
(/mnt/D0A0DC0EA0DBF944/Common_data/texlive/2020/texmf-dist/tex/generic/pgf/fron
tendlayer/tikz/libraries/tikzlibraryangles.code.tex
File: tikzlibraryangles.code.tex 2020/01/08 v3.1.5b (3.1.5b)
)
(/mnt/D0A0DC0EA0DBF944/Common_data/texlive/2020/texmf-dist/tex/generic/pgf/fron
tendlayer/tikz/libraries/tikzlibraryarrows.code.tex
File: tikzlibraryarrows.code.tex 2020/01/08 v3.1.5b (3.1.5b)

(/mnt/D0A0DC0EA0DBF944/Common_data/texlive/2020/texmf-dist/tex/generic/pgf/libr
aries/pgflibraryarrows.code.tex
File: pgflibraryarrows.code.tex 2020/01/08 v3.1.5b (3.1.5b)
\arrowsize=\dimen187
))
(/mnt/D0A0DC0EA0DBF944/Common_data/texlive/2020/texmf-dist/tex/generic/pgf/libr
aries/pgflibraryarrows.meta.code.tex
File: pgflibraryarrows.meta.code.tex 2020/01/08 v3.1.5b (3.1.5b)
\pgfarrowinset=\dimen188
\pgfarrowlength=\dimen189
\pgfarrowwidth=\dimen190
\pgfarrowlinewidth=\dimen191
)
(/mnt/D0A0DC0EA0DBF944/Common_data/texlive/2020/texmf-dist/tex/generic/pgf/fron
tendlayer/tikz/libraries/tikzlibrarybabel.code.tex
File: tikzlibrarybabel.code.tex 2020/01/08 v3.1.5b (3.1.5b)
)
(/mnt/D0A0DC0EA0DBF944/Common_data/texlive/2020/texmf-dist/tex/generic/pgf/fron
tendlayer/tikz/libraries/tikzlibrarycalc.code.tex
File: tikzlibrarycalc.code.tex 2020/01/08 v3.1.5b (3.1.5b)
)
(/mnt/D0A0DC0EA0DBF944/Common_data/texlive/2020/texmf-dist/tex/generic/pgf/fron
tendlayer/tikz/libraries/tikzlibrarydecorations.code.tex
(/mnt/D0A0DC0EA0DBF944/Common_data/texlive/2020/texmf-dist/tex/generic/pgf/modu
les/pgfmoduledecorations.code.tex
\pgfdecoratedcompleteddistance=\dimen192
\pgfdecoratedremainingdistance=\dimen193
\pgfdecoratedinputsegmentcompleteddistance=\dimen194
\pgfdecoratedinputsegmentremainingdistance=\dimen195
\pgf@decorate@distancetomove=\dimen196
\pgf@decorate@repeatstate=\count266
\pgfdecorationsegmentamplitude=\dimen197
\pgfdecorationsegmentlength=\dimen198
)
\tikz@lib@dec@box=\box57
)
(/mnt/D0A0DC0EA0DBF944/Common_data/texlive/2020/texmf-dist/tex/generic/pgf/fron
tendlayer/tikz/libraries/tikzlibrarydecorations.markings.code.tex
(/mnt/D0A0DC0EA0DBF944/Common_data/texlive/2020/texmf-dist/tex/generic/pgf/libr
aries/decorations/pgflibrarydecorations.markings.code.tex))
(/mnt/D0A0DC0EA0DBF944/Common_data/texlive/2020/texmf-dist/tex/generic/pgf/fron
tendlayer/tikz/libraries/tikzlibrarydecorations.pathreplacing.code.tex
(/mnt/D0A0DC0EA0DBF944/Common_data/texlive/2020/texmf-dist/tex/generic/pgf/libr
aries/decorations/pgflibrarydecorations.pathreplacing.code.tex))
(/mnt/D0A0DC0EA0DBF944/Common_data/texlive/2020/texmf-dist/tex/generic/pgf/fron
tendlayer/tikz/libraries/tikzlibrarydecorations.shapes.code.tex
(/mnt/D0A0DC0EA0DBF944/Common_data/texlive/2020/texmf-dist/tex/generic/pgf/libr
aries/decorations/pgflibrarydecorations.shapes.code.tex))
(/mnt/D0A0DC0EA0DBF944/Common_data/texlive/2020/texmf-dist/tex/generic/pgf/fron
tendlayer/tikz/libraries/tikzlibrarydecorations.text.code.tex
(/mnt/D0A0DC0EA0DBF944/Common_data/texlive/2020/texmf-dist/tex/generic/pgf/libr
aries/decorations/pgflibrarydecorations.text.code.tex
\pgf@lib@dec@text@box=\box58
)
\tikz@lib@dec@te@box=\box59
)
(/mnt/D0A0DC0EA0DBF944/Common_data/texlive/2020/texmf-dist/tex/generic/pgf/fron
tendlayer/tikz/libraries/tikzlibrarydecorations.pathmorphing.code.tex
(/mnt/D0A0DC0EA0DBF944/Common_data/texlive/2020/texmf-dist/tex/generic/pgf/libr
aries/decorations/pgflibrarydecorations.pathmorphing.code.tex))
(/mnt/D0A0DC0EA0DBF944/Common_data/texlive/2020/texmf-dist/tex/generic/pgf/fron
tendlayer/tikz/libraries/tikzlibraryintersections.code.tex
(/mnt/D0A0DC0EA0DBF944/Common_data/texlive/2020/texmf-dist/tex/generic/pgf/libr
aries/pgflibraryintersections.code.tex
(/mnt/D0A0DC0EA0DBF944/Common_data/texlive/2020/texmf-dist/tex/generic/pgf/libr
aries/pgflibraryfpu.code.tex)
\pgf@intersect@solutions=\count267
))
(/mnt/D0A0DC0EA0DBF944/Common_data/texlive/2020/texmf-dist/tex/generic/pgf/fron
tendlayer/tikz/libraries/tikzlibrarypatterns.code.tex
File: tikzlibrarypatterns.code.tex 2020/01/08 v3.1.5b (3.1.5b)

(/mnt/D0A0DC0EA0DBF944/Common_data/texlive/2020/texmf-dist/tex/generic/pgf/libr
aries/pgflibrarypatterns.code.tex
File: pgflibrarypatterns.code.tex 2020/01/08 v3.1.5b (3.1.5b)
))
(/mnt/D0A0DC0EA0DBF944/Common_data/texlive/2020/texmf-dist/tex/generic/pgf/fron
tendlayer/tikz/libraries/tikzlibraryplotmarks.code.tex
File: tikzlibraryplotmarks.code.tex 2020/01/08 v3.1.5b (3.1.5b)

(/mnt/D0A0DC0EA0DBF944/Common_data/texlive/2020/texmf-dist/tex/generic/pgf/libr
aries/pgflibraryplotmarks.code.tex
File: pgflibraryplotmarks.code.tex 2020/01/08 v3.1.5b (3.1.5b)
))
(/mnt/D0A0DC0EA0DBF944/Common_data/texlive/2020/texmf-dist/tex/generic/pgf/fron
tendlayer/tikz/libraries/tikzlibrarypositioning.code.tex
File: tikzlibrarypositioning.code.tex 2020/01/08 v3.1.5b (3.1.5b)
)
(/mnt/D0A0DC0EA0DBF944/Common_data/texlive/2020/texmf-dist/tex/generic/pgf/fron
tendlayer/tikz/libraries/tikzlibraryquotes.code.tex
File: tikzlibraryquotes.code.tex 2020/01/08 v3.1.5b (3.1.5b)
)
(/mnt/D0A0DC0EA0DBF944/Common_data/texlive/2020/texmf-dist/tex/generic/pgf/fron
tendlayer/tikz/libraries/tikzlibraryshadows.code.tex
File: tikzlibraryshadows.code.tex 2020/01/08 v3.1.5b (3.1.5b)

(/mnt/D0A0DC0EA0DBF944/Common_data/texlive/2020/texmf-dist/tex/generic/pgf/fron
tendlayer/tikz/libraries/tikzlibraryfadings.code.tex
File: tikzlibraryfadings.code.tex 2020/01/08 v3.1.5b (3.1.5b)

(/mnt/D0A0DC0EA0DBF944/Common_data/texlive/2020/texmf-dist/tex/generic/pgf/libr
aries/pgflibraryfadings.code.tex
File: pgflibraryfadings.code.tex 2020/01/08 v3.1.5b (3.1.5b)
)))
(/mnt/D0A0DC0EA0DBF944/Common_data/texlive/2020/texmf-dist/tex/generic/pgf/fron
tendlayer/tikz/libraries/tikzlibraryshapes.misc.code.tex
File: tikzlibraryshapes.misc.code.tex 2020/01/08 v3.1.5b (3.1.5b)

(/mnt/D0A0DC0EA0DBF944/Common_data/texlive/2020/texmf-dist/tex/generic/pgf/libr
aries/shapes/pgflibraryshapes.misc.code.tex
File: pgflibraryshapes.misc.code.tex 2020/01/08 v3.1.5b (3.1.5b)
))
(/mnt/D0A0DC0EA0DBF944/Common_data/texlive/2020/texmf-dist/tex/generic/pgf/fron
tendlayer/tikz/libraries/tikzlibrarythrough.code.tex
File: tikzlibrarythrough.code.tex 2020/01/08 v3.1.5b (3.1.5b)
)
(/mnt/D0A0DC0EA0DBF944/Common_data/texlive/2020/texmf-dist/tex/latex/numprint/n
umprint.sty
Package: numprint 2012/08/20 v1.39 Print numbers (HH)

(/mnt/D0A0DC0EA0DBF944/Common_data/texlive/2020/texmf-dist/tex/latex/tools/arra
y.sty
Package: array 2019/08/31 v2.4l Tabular extension package (FMi)
\col@sep=\dimen199
\ar@mcellbox=\box60
\extrarowheight=\dimen256
\NC@list=\toks29
\extratabsurround=\skip49
\backup@length=\skip50
\ar@cellbox=\box61
)
\c@nprt@mantissa@digitsbefore=\count268
\c@nprt@mantissa@digitsafter=\count269
\c@nprt@exponent@digitsbefore=\count270
\c@nprt@exponent@digitsafter=\count271
\nprt@digitwidth=\skip51
\nprt@sepwidth=\skip52
\nprt@decimalwidth=\skip53
\nprt@blockwidth=\skip54
\nprt@digittoks=\toks30
\nprt@pretoks=\toks31
\nprt@posttoks=\toks32
\nprt@thisdigit=\count272
\nprt@curpos=\count273
\nprt@rndpos=\count274
\c@nprt@digitsfirstblock=\count275
\c@nprt@blockcnt=\count276
\c@nprt@cntprint=\count277
 No configuration file `numprint.cfg' found.)
(/mnt/D0A0DC0EA0DBF944/Common_data/texlive/2020/texmf-dist/tex/latex/l3packages
/xfp/xfp.sty
(/mnt/D0A0DC0EA0DBF944/Common_data/texlive/2020/texmf-dist/tex/latex/l3kernel/e
xpl3.sty
Package: expl3 2020-08-07 L3 programming layer (loader) 

(/mnt/D0A0DC0EA0DBF944/Common_data/texlive/2020/texmf-dist/tex/latex/l3backend/
l3backend-pdfmode.def
File: l3backend-pdfmode.def 2020-08-07 L3 backend support: PDF mode
\l__kernel_color_stack_int=\count278
\l__pdf_internal_box=\box62
))
(/mnt/D0A0DC0EA0DBF944/Common_data/texlive/2020/texmf-dist/tex/latex/l3packages
/xparse/xparse.sty
Package: xparse 2020-05-15 L3 Experimental document command parser

(/mnt/D0A0DC0EA0DBF944/Common_data/texlive/2020/texmf-dist/tex/latex/l3packages
/xparse/xparse-generic.tex
\l__xparse_current_arg_int=\count279
\g__xparse_grabber_int=\count280
\l__xparse_m_args_int=\count281
\l__xparse_v_nesting_int=\count282
))
Package: xfp 2020-05-15 L3 Floating point unit
)
(/mnt/D0A0DC0EA0DBF944/Common_data/texlive/2020/texmf-dist/tex/latex/fp/fp.sty
Package: fp 1995/04/02

`Fixed Point Package', Version 0.8, April 2, 1995 (C) Michael Mehlich
(/mnt/D0A0DC0EA0DBF944/Common_data/texlive/2020/texmf-dist/tex/latex/fp/defpatt
ern.sty
Package: defpattern 1994/10/12
\actioncount=\count283
)
(/mnt/D0A0DC0EA0DBF944/Common_data/texlive/2020/texmf-dist/tex/latex/fp/fp-basi
c.sty
Package: fp-basic 1996/05/13
\FP@xs=\count284
\FP@xia=\count285
\FP@xib=\count286
\FP@xfa=\count287
\FP@xfb=\count288
\FP@rega=\count289
\FP@regb=\count290
\FP@regs=\count291
\FP@times=\count292
)
(/mnt/D0A0DC0EA0DBF944/Common_data/texlive/2020/texmf-dist/tex/latex/fp/fp-addo
ns.sty
Package: fp-addons 1995/03/15
)
(/mnt/D0A0DC0EA0DBF944/Common_data/texlive/2020/texmf-dist/tex/latex/fp/fp-snap
.sty
Package: fp-snap 1995/04/05
)
(/mnt/D0A0DC0EA0DBF944/Common_data/texlive/2020/texmf-dist/tex/latex/fp/fp-exp.
sty
Package: fp-exp 1995/04/03
)
(/mnt/D0A0DC0EA0DBF944/Common_data/texlive/2020/texmf-dist/tex/latex/fp/fp-trig
o.sty
Package: fp-trigo 1995/04/14
)
(/mnt/D0A0DC0EA0DBF944/Common_data/texlive/2020/texmf-dist/tex/latex/fp/fp-pas.
sty
Package: fp-pas 1994/08/29
)
(/mnt/D0A0DC0EA0DBF944/Common_data/texlive/2020/texmf-dist/tex/latex/fp/fp-rand
om.sty
Package: fp-random 1995/02/23
\FPseed=\count293
)
(/mnt/D0A0DC0EA0DBF944/Common_data/texlive/2020/texmf-dist/tex/latex/fp/fp-eqn.
sty
Package: fp-eqn 1995/04/03
)
(/mnt/D0A0DC0EA0DBF944/Common_data/texlive/2020/texmf-dist/tex/latex/fp/fp-upn.
sty
Package: fp-upn 1996/10/21
)
(/mnt/D0A0DC0EA0DBF944/Common_data/texlive/2020/texmf-dist/tex/latex/fp/fp-eval
.sty
Package: fp-eval 1995/04/03
))
\tkzRadius=\dimen257
\tkzLength=\dimen258
\tkz@radi=\dimen259
\tkz@ax=\dimen260
\tkz@ay=\dimen261
\tkz@bx=\dimen262
\tkz@by=\dimen263
\tkz@cx=\dimen264
\tkz@cy=\dimen265
\tkz@dx=\dimen266
\tkz@dy=\dimen267
\tkz@tax=\dimen268
\tkz@tay=\dimen269
\tkz@tbx=\dimen270
\tkz@tby=\dimen271
\tkz@tcx=\dimen272
\tkz@tcy=\dimen273
\tkz@tdx=\dimen274
\tkz@tdy=\dimen275
\tkz@cntmk=\count294

Local configuration file tkz-base.cfg found and used

(/mnt/D0A0DC0EA0DBF944/Common_data/texlive/2020/texmf-dist/tex/latex/tkz-base/t
kz-base.cfg
2020/03/18 3.06c tkz-base.cfg
)
(/mnt/D0A0DC0EA0DBF944/Common_data/texlive/2020/texmf-dist/tex/latex/tkz-base/t
kz-tools-modules.tex
2020/03/18 3.06c tkz-tools-utilities.tex
)
(/mnt/D0A0DC0EA0DBF944/Common_data/texlive/2020/texmf-dist/tex/latex/tkz-base/t
kz-lib-marks.tex
2020/03/18 3.06c tkz-lib-symbols.tex
)
(/mnt/D0A0DC0EA0DBF944/Common_data/texlive/2020/texmf-dist/tex/latex/tkz-base/t
kz-tools-base.tex
2020/03/18 3.06c tkz-tools-base.tex
)
(/mnt/D0A0DC0EA0DBF944/Common_data/texlive/2020/texmf-dist/tex/latex/tkz-base/t
kz-tools-utilities.tex
2020/03/18 3.06c tkz-tools-utilities.tex
)
(/mnt/D0A0DC0EA0DBF944/Common_data/texlive/2020/texmf-dist/tex/latex/tkz-euclid
e/tkz-tools-math.tex
2020/03/18 3.06c tkz-tools-math.tex
)
(/mnt/D0A0DC0EA0DBF944/Common_data/texlive/2020/texmf-dist/tex/latex/tkz-base/t
kz-tools-text.tex
2020/03/18 3.06c tkz-tools-text.tex
)
(/mnt/D0A0DC0EA0DBF944/Common_data/texlive/2020/texmf-dist/tex/latex/tkz-base/t
kz-tools-BB.tex
2020/03/18 3.06c tkz-obj-BB.tex
)
(/mnt/D0A0DC0EA0DBF944/Common_data/texlive/2020/texmf-dist/tex/latex/tkz-base/t
kz-tools-arith.tex
2020/03/18 3.06c tkz-tools-arith.tex
File: tkz-tool-arith.tex tkz-tool-arith 3.02 c
)
(/mnt/D0A0DC0EA0DBF944/Common_data/texlive/2020/texmf-dist/tex/latex/tkz-base/t
kz-tools-print.tex
2020/03/18 3.06c tkz-tools-print.tex
)
(/mnt/D0A0DC0EA0DBF944/Common_data/texlive/2020/texmf-dist/tex/latex/tkz-base/t
kz-tools-misc.tex
2020/03/18 3.06c tkz-tools-misc.tex
)
(/mnt/D0A0DC0EA0DBF944/Common_data/texlive/2020/texmf-dist/tex/latex/tkz-base/t
kz-obj-axes.tex
2020/03/18 3.06c tkz-obj-axes.tex
)
(/mnt/D0A0DC0EA0DBF944/Common_data/texlive/2020/texmf-dist/tex/latex/tkz-base/t
kz-obj-grids.tex
2020/03/18 3.06c tkz-obj-grids.tex
)
(/mnt/D0A0DC0EA0DBF944/Common_data/texlive/2020/texmf-dist/tex/latex/tkz-base/t
kz-obj-marks.tex
2020/03/18 3.07c tkz-obj-marks.tex
)
(/mnt/D0A0DC0EA0DBF944/Common_data/texlive/2020/texmf-dist/tex/latex/tkz-base/t
kz-obj-points.tex
2020/03/18 3.06c tkz-obj-points.tex
)
(/mnt/D0A0DC0EA0DBF944/Common_data/texlive/2020/texmf-dist/tex/latex/tkz-base/t
kz-obj-rep.tex
2020/03/18 3.06c tkz-obj-rep.tex
))
(/mnt/D0A0DC0EA0DBF944/Common_data/texlive/2020/texmf-dist/tex/latex/tkz-euclid
e/tkz-tools-intersections.tex
2020/03/18 3.06c tkz-tools-intersections.tex
)
(/mnt/D0A0DC0EA0DBF944/Common_data/texlive/2020/texmf-dist/tex/latex/tkz-euclid
e/tkz-tools-angles.tex
2020/03/18 3.06c tkz-tools-angles.tex
)
(/mnt/D0A0DC0EA0DBF944/Common_data/texlive/2020/texmf-dist/tex/latex/tkz-euclid
e/tkz-obj-eu-angles.tex
2020/03/18 3.06c tkz-tool-eu-angles.tex
\tkz@arcsize=\dimen276
\tkz@fillsize=\dimen277
)
(/mnt/D0A0DC0EA0DBF944/Common_data/texlive/2020/texmf-dist/tex/latex/tkz-euclid
e/tkz-obj-eu-arcs.tex
2020/03/23 3.06c tkz-obj-eu-arcs.tex
)
(/mnt/D0A0DC0EA0DBF944/Common_data/texlive/2020/texmf-dist/tex/latex/tkz-euclid
e/tkz-obj-eu-compass.tex
2020/03/18 3.06c tkz-obj-eu-compass.tex
)
(/mnt/D0A0DC0EA0DBF944/Common_data/texlive/2020/texmf-dist/tex/latex/tkz-euclid
e/tkz-obj-eu-circles.tex
2020/03/18 3.06c tkz-obj-eu-circles.tex
)
(/mnt/D0A0DC0EA0DBF944/Common_data/texlive/2020/texmf-dist/tex/latex/tkz-euclid
e/tkz-obj-eu-draw-circles.tex
2020/03/18 3.06c tkz-obj-eu-draw-circles.tex
)
(/mnt/D0A0DC0EA0DBF944/Common_data/texlive/2020/texmf-dist/tex/latex/tkz-euclid
e/tkz-obj-eu-draw-lines.tex
2020/03/18 3.06c tkz-obj-eu-draw-lines.tex
)
(/mnt/D0A0DC0EA0DBF944/Common_data/texlive/2020/texmf-dist/tex/latex/tkz-euclid
e/tkz-obj-eu-draw-polygons.tex
2020/03/18 3.06c tkz-obj-eu-polygons.tex
)
(/mnt/D0A0DC0EA0DBF944/Common_data/texlive/2020/texmf-dist/tex/latex/tkz-euclid
e/tkz-obj-eu-draw-triangles.tex)
(/mnt/D0A0DC0EA0DBF944/Common_data/texlive/2020/texmf-dist/tex/latex/tkz-euclid
e/tkz-obj-eu-lines.tex
2020/03/18 3.06c tkz-obj-eu-lines.tex
)
(/mnt/D0A0DC0EA0DBF944/Common_data/texlive/2020/texmf-dist/tex/latex/tkz-euclid
e/tkz-obj-eu-points.tex
2020/03/18 3.06c tkz-obj-eu-points.tex
)
(/mnt/D0A0DC0EA0DBF944/Common_data/texlive/2020/texmf-dist/tex/latex/tkz-euclid
e/tkz-obj-eu-points-by.tex
2020/03/18 3.06c tkz-tools-eu-points-by.tex
)
(/mnt/D0A0DC0EA0DBF944/Common_data/texlive/2020/texmf-dist/tex/latex/tkz-euclid
e/tkz-obj-eu-points-rnd.tex
2020/03/18 3.06c tkz-obj-eu-points-rnd.tex
)
(/mnt/D0A0DC0EA0DBF944/Common_data/texlive/2020/texmf-dist/tex/latex/tkz-euclid
e/tkz-obj-eu-points-with.tex
2020/03/18 3.06c tkz-obj-eu-points-with.tex
)
(/mnt/D0A0DC0EA0DBF944/Common_data/texlive/2020/texmf-dist/tex/latex/tkz-euclid
e/tkz-obj-eu-polygons.tex
2020/03/18 3.06c tkz-obj-eu-polygons.tex
)
(/mnt/D0A0DC0EA0DBF944/Common_data/texlive/2020/texmf-dist/tex/latex/tkz-euclid
e/tkz-obj-eu-protractor.tex
2020/03/18 3.06c tkz-obj-eu-protractor.tex
)
(/mnt/D0A0DC0EA0DBF944/Common_data/texlive/2020/texmf-dist/tex/latex/tkz-euclid
e/tkz-obj-eu-sectors.tex
2020/03/18 3.06c tkz-obj-eu-sectors.tex
)
(/mnt/D0A0DC0EA0DBF944/Common_data/texlive/2020/texmf-dist/tex/latex/tkz-euclid
e/tkz-obj-eu-show.tex
2020/03/18 3.06c tkz-obj-eu-show.tex
)
(/mnt/D0A0DC0EA0DBF944/Common_data/texlive/2020/texmf-dist/tex/latex/tkz-euclid
e/tkz-obj-eu-triangles.tex
2020/03/18 3.06c tkz-obj-eu-triangles.tex
)) (./clip.aux)
\openout1 = `clip.aux'.

LaTeX Font Info:    Checking defaults for OML/cmm/m/it on input line 8.
LaTeX Font Info:    ... okay on input line 8.
LaTeX Font Info:    Checking defaults for OMS/cmsy/m/n on input line 8.
LaTeX Font Info:    ... okay on input line 8.
LaTeX Font Info:    Checking defaults for OT1/cmr/m/n on input line 8.
LaTeX Font Info:    ... okay on input line 8.
LaTeX Font Info:    Checking defaults for T1/cmr/m/n on input line 8.
LaTeX Font Info:    ... okay on input line 8.
LaTeX Font Info:    Checking defaults for TS1/cmr/m/n on input line 8.
LaTeX Font Info:    ... okay on input line 8.
LaTeX Font Info:    Checking defaults for OMX/cmex/m/n on input line 8.
LaTeX Font Info:    ... okay on input line 8.
LaTeX Font Info:    Checking defaults for U/cmr/m/n on input line 8.
LaTeX Font Info:    ... okay on input line 8.
 ABD: EveryShipout initializing macros
(/mnt/D0A0DC0EA0DBF944/Common_data/texlive/2020/texmf-dist/tex/context/base/mki
i/supp-pdf.mkii
[Loading MPS to PDF converter (version 2006.09.02).]
\scratchcounter=\count295
\scratchdimen=\dimen278
\scratchbox=\box63
\nofMPsegments=\count296
\nofMParguments=\count297
\everyMPshowfont=\toks33
\MPscratchCnt=\count298
\MPscratchDim=\dimen279
\MPnumerator=\count299
\makeMPintoPDFobject=\count300
\everyMPtoPDFconversion=\toks34
)
(/mnt/D0A0DC0EA0DBF944/Common_data/texlive/2020/texmf-dist/tex/latex/epstopdf-p
kg/epstopdf-base.sty
Package: epstopdf-base 2020-01-24 v2.11 Base part for package epstopdf
Package epstopdf-base Info: Redefining graphics rule for `.eps' on input line 4
85.

(/mnt/D0A0DC0EA0DBF944/Common_data/texlive/2020/texmf-dist/tex/latex/latexconfi
g/epstopdf-sys.cfg
File: epstopdf-sys.cfg 2010/07/13 v1.3 Configuration of (r)epstopdf for TeX Liv
e
))
Missing character: There is no ; in font nullfont!
Missing character: There is no ; in font nullfont!
Missing character: There is no ; in font nullfont!
Missing character: There is no ; in font nullfont!
Missing character: There is no ; in font nullfont!
Missing character: There is no ; in font nullfont!
 [1

] (./clip.aux) ) 
Here is how much of TeX's memory you used:
 18557 strings out of 480893
 422641 string characters out of 5896820
 651591 words of memory out of 5000000
 33703 multiletter control sequences out of 15000+600000
 535088 words of font info for 29 fonts, out of 8000000 for 9000
 1141 hyphenation exceptions out of 8191
 76i,5n,94p,417b,712s stack positions out of 5000i,500n,10000p,200000b,80000s

Output written on clip.pdf (1 page, 3630 bytes).
PDF statistics:
 35 PDF objects out of 1000 (max. 8388607)
 15 compressed objects within 1 object stream
 0 named destinations out of 1000 (max. 500000)
 109 words of extra memory for PDF output out of 10000 (max. 10000000)

